<?xml version="1.0" encoding="UTF-8"?>
<testsuite xmlns:xsi="http://www.w3.org/2001/XMLSchema-instance" xsi:noNamespaceSchemaLocation="https://maven.apache.org/surefire/maven-surefire-plugin/xsd/surefire-test-report-3.0.xsd" version="3.0" name="com.banksystem.SavingsAccountTest" time="0.17" tests="1" errors="0" skipped="0" failures="0">
  <properties>
[...]
</properties>
  <testcase name="testWithdrawRules" classname="com.banksystem.SavingsAccountTest" time="0.154">
    <system-out><![CDATA[2026-05-03 09:40:50.215 [main] INFO  com.banksystem.SavingsAccount - [SAVINGS] Rut 500.0 thanh cong. So du con: 9500.0
2026-05-03 09:40:50.220 [main] ERROR com.banksystem.SavingsAccount - Rut tien bi loi! Chi tiet: Số tiền không hợp lệ: $5000.00
2026-05-03 09:40:50.221 [main] ERROR com.banksystem.SavingsAccount - Rut tien bi loi! Chi tiet: Số tiền không hợp lệ: $5000.00
]]></system-out>
  </testcase>
</testsuite>