<?xml version="1.0" encoding="UTF-8"?>
<testsuite xmlns:xsi="http://www.w3.org/2001/XMLSchema-instance" xsi:noNamespaceSchemaLocation="https://maven.apache.org/surefire/maven-surefire-plugin/xsd/surefire-test-report-3.0.xsd" version="3.0" name="MathUtilsTest" time="0.073" tests="1" errors="0" skipped="0" failures="0">
  <properties>
[...]
</properties>
  <testcase name="testAdd" classname="MathUtilsTest" time="0.058">
    <system-out><![CDATA[08:49:40.418 [main] INFO MathUtils -- Đang thực hiện phép cộng: 2 + 3
]]></system-out>
  </testcase>
</testsuite>